<?xml version="1.0" encoding="UTF-8"?>
<testsuites>
  <testsuite name="" tests="2" assertions="2" errors="0" failures="0" skipped="0" time="0.711836">
    <testsuite name="All" tests="2" assertions="2" errors="0" failures="0" skipped="0" time="0.711836">
      <testsuite name="Tests\Feature\ExampleTest" file="C:\xampp2\htdocs\laravel-5.7-task-app\tests\Feature\ExampleTest.php" tests="1" assertions="1" errors="0" failures="0" skipped="0" time="0.479764">
        <testcase name="testBasicTest" class="Tests\Feature\ExampleTest" classname="Tests.Feature.ExampleTest" file="C:\xampp2\htdocs\laravel-5.7-task-app\tests\Feature\ExampleTest.php" line="15" assertions="1" time="0.479764"/>
      </testsuite>
      <testsuite name="Tests\Unit\ExampleTest" file="C:\xampp2\htdocs\laravel-5.7-task-app\tests\Unit\ExampleTest.php" tests="1" assertions="1" errors="0" failures="0" skipped="0" time="0.232072">
        <testcase name="testBasicTest" class="Tests\Unit\ExampleTest" classname="Tests.Unit.ExampleTest" file="C:\xampp2\htdocs\laravel-5.7-task-app\tests\Unit\ExampleTest.php" line="15" assertions="1" time="0.232072"/>
      </testsuite>
    </testsuite>
  </testsuite>
</testsuites>
